<?xml version="1.0" encoding="UTF-8"?>
<!-- Generated by org.testng.reporters.JUnitReportReporter -->
<testsuite skipped="0" hostname="DESKTOP-QT8RIA1" name="com.crm.qa.testcases.HomePageTest" tests="3" failures="0" timestamp="2020-05-17T12:17:51 IST" time="69.206" errors="0">
  <testcase name="verifyHomePageTitleTest" time="24.852" classname="com.crm.qa.testcases.HomePageTest"/>
  <system-out/>
  <testcase name="verifyUsernameTest" time="20.462" classname="com.crm.qa.testcases.HomePageTest"/>
  <system-out/>
  <testcase name="verifyContactsLinkTest" time="23.892" classname="com.crm.qa.testcases.HomePageTest"/>
  <system-out/>
</testsuite> <!-- com.crm.qa.testcases.HomePageTest -->
