<?xml version="1.0" encoding="UTF-8"?>
<!-- Generated by org.testng.reporters.JUnitReportReporter -->
<testsuite skipped="0" hostname="DESKTOP-QT8RIA1" name="com.crm.qa.testcases.LoginPageTest" tests="3" failures="0" timestamp="2020-05-17T12:17:51 IST" time="46.727" errors="0">
  <testcase name="loginPageTitleTest" time="14.923" classname="com.crm.qa.testcases.LoginPageTest"/>
  <system-out/>
  <testcase name="loginPageCRMImageTest" time="11.687" classname="com.crm.qa.testcases.LoginPageTest"/>
  <system-out/>
  <testcase name="loginTest" time="20.117" classname="com.crm.qa.testcases.LoginPageTest"/>
  <system-out/>
</testsuite> <!-- com.crm.qa.testcases.LoginPageTest -->
