<?xml version="1.0" encoding="UTF-8"?>
<!-- Generated by org.testng.reporters.JUnitReportReporter -->
<testsuite skipped="0" hostname="DESKTOP-QT8RIA1" name="com.crm.qa.testcases.LoginPageTest" tests="3" failures="0" timestamp="2020-05-30T14:03:54 IST" time="46.187" errors="0">
  <testcase name="loginPageTitleTest" time="11.384" classname="com.crm.qa.testcases.LoginPageTest"/>
  <system-out/>
  <testcase name="loginPageCRMImageTest" time="15.473" classname="com.crm.qa.testcases.LoginPageTest"/>
  <system-out/>
  <testcase name="loginTest" time="19.330" classname="com.crm.qa.testcases.LoginPageTest"/>
  <system-out/>
</testsuite> <!-- com.crm.qa.testcases.LoginPageTest -->
